# 40
0 0.000045 0.000045 0.018316 0.002479
1 0.000454 0.000045 0.018316 0.002479
2 0.002270 0.000272 0.018316 0.014873
3 0.007567 0.001090 0.073263 0.014873
4 0.018917 0.003269 0.073263 0.044618
5 0.037833 0.013075 0.146525 0.089235
6 0.063055 0.013075 0.146525 0.089235
7 0.090079 0.019613 0.146525 0.133853
8 0.112599 0.026150 0.195367 0.133853
9 0.125110 0.031380 0.195367 0.160623
10 0.125110 0.031380 0.195367 0.160623
11 0.113736 0.031380 0.195367 0.160623
12 0.094780 0.026898 0.195367 0.137677
13 0.072908 0.021518 0.156293 0.137677
14 0.052077 0.016139 0.156293 0.103258
15 0.034718 0.007173 0.104196 0.068838
16 0.021699 0.007173 0.104196 0.068838
17 0.012764 0.004304 0.104196 0.041303
18 0.007091 0.002459 0.059540 0.041303
19 0.003732 0.001341 0.059540 0.022529
20 0.001866 0.000335 0.029770 0.011264
21 0.000889 0.000335 0.029770 0.011264
22 0.000404 0.000155 0.029770 0.005199
23 0.000176 0.000069 0.013231 0.005199
24 0.000073 0.000029 0.013231 0.002228
25 0.000029 0.000005 0.005292 0.000891
26 0.000011 0.000005 0.005292 0.000891
27 0.000004 0.000002 0.005292 0.000334
28 0.000001 0.000001 0.001925 0.000334
29 0.000001 0.000000 0.001925 0.000118
30 0.000000 0.000000 0.000642 0.000039
31 0.000000 0.000000 0.000642 0.000039
32 0.000000 0.000000 0.000642 0.000012
33 0.000000 0.000000 0.000197 0.000012
34 0.000000 0.000000 0.000197 0.000004
35 0.000000 0.000000 0.000056 0.000001
36 0.000000 0.000000 0.000056 0.000001
37 0.000000 0.000000 0.000056 0.000000
38 0.000000 0.000000 0.000015 0.000000
39 0.000000 0.000000 0.000015 0.000000
40 0.000000 0.000000 0.000004 0.000000
