# 40
0 0.049787 0.049787
1 0.149361 0.149361
2 0.224042 0.224042
3 0.224042 0.224042
4 0.168031 0.168031
5 0.100819 0.100819
6 0.050409 0.050409
7 0.021604 0.021604
8 0.008102 0.008102
9 0.002701 0.002701
10 0.000810 0.000810
11 0.000221 0.000221
12 0.000055 0.000055
13 0.000013 0.000013
14 0.000003 0.000003
15 0.000001 0.000001
16 0.000000 0.000000
17 0.000000 0.000000
18 0.000000 0.000000
19 0.000000 0.000000
20 0.000000 0.000000
21 0.000000 0.000000
22 0.000000 0.000000
23 0.000000 0.000000
24 0.000000 0.000000
25 0.000000 0.000000
26 0.000000 0.000000
27 0.000000 0.000000
28 0.000000 0.000000
29 0.000000 0.000000
30 0.000000 0.000000
31 0.000000 0.000000
32 0.000000 0.000000
33 0.000000 0.000000
34 0.000000 0.000000
35 0.000000 0.000000
36 0.000000 0.000000
37 0.000000 0.000000
38 0.000000 0.000000
39 0.000000 0.000000
40 0.000000 0.000000
