# 100000 30.000000 0.894839 0.300000
0 0.005914
1 0.009677
2 0.026613
3 0.043548
4 0.064516
5 0.116935
6 0.120430
7 0.144086
8 0.137634
9 0.105645
10 0.086290
11 0.059946
12 0.034946
13 0.023118
14 0.011559
15 0.005645
16 0.002419
17 0.000538
18 0.000269
19 0.000269
20 0.000000
21 0.000000
22 0.000000
23 0.000000
24 0.000000
25 0.000000
26 0.000000
27 0.000000
28 0.000000
29 0.000000
30 0.000000
31 0.000000
32 0.000000
33 0.000000
34 0.000000
35 0.000000
36 0.000000
37 0.000000
38 0.000000
39 0.000000
40 0.000000
41 0.000000
42 0.000000
43 0.000000
44 0.000000
45 0.000000
46 0.000000
47 0.000000
48 0.000000
