# 100000 10 20 0.967216 5180 309 5180
3 0.000386 0.000190
4 0.000386 0.000021
6 0.000772 0.000570
7 0.002510 0.002132
8 0.005019 0.003799
9 0.007915 0.007217
10 0.016602 0.015598
11 0.020270 0.019189
12 0.036293 0.035339
13 0.042857 0.042002
14 0.059073 0.057613
15 0.075676 0.074159
16 0.083012 0.081644
17 0.086873 0.085546
18 0.094208 0.093202
19 0.090541 0.089385
20 0.081081 0.080365
21 0.064286 0.063778
22 0.060811 0.060736
23 0.050965 0.051109
24 0.037838 0.038245
25 0.028958 0.029564
26 0.016216 0.017027
27 0.013900 0.014696
28 0.007915 0.008693
29 0.006371 0.007163
30 0.005212 0.005911
31 0.002124 0.002776
32 0.000386 0.001033
33 0.000772 0.001318
34 0.000579 0.001080
36 0.000193 0.000577
