# 100000 30.000000 0.953497 0.700000
0 0.000000
1 0.000000
2 0.000000
3 0.000000
4 0.000573
5 0.000573
6 0.000573
7 0.000573
8 0.004297
9 0.009166
10 0.010026
11 0.020624
12 0.028359
13 0.037239
14 0.054426
15 0.070467
16 0.075337
17 0.095675
18 0.087081
19 0.088800
20 0.087368
21 0.068748
22 0.066457
23 0.051848
24 0.039817
25 0.030077
26 0.022916
27 0.018333
28 0.012604
29 0.007161
30 0.004297
31 0.003724
32 0.001432
33 0.000286
34 0.000859
35 0.000286
36 0.000000
37 0.000000
38 0.000000
39 0.000000
40 0.000000
41 0.000000
42 0.000000
43 0.000000
44 0.000000
45 0.000000
46 0.000000
47 0.000000
48 0.000000
