# 1000000 30.000000 0.967216 68963 68963 68963 0.500000
1 0.000029 0.000191
2 0.000247 0.000781
3 0.000972 0.002407
4 0.002712 0.006052
5 0.006076 0.012867
6 0.012905 0.023763
7 0.024085 0.038826
8 0.039499 0.056901
9 0.057712 0.075538
10 0.075635 0.091694
11 0.091063 0.102542
12 0.102983 0.106288
13 0.106289 0.102636
14 0.099010 0.092789
15 0.092861 0.078869
16 0.079071 0.063256
17 0.061685 0.048015
18 0.047562 0.034607
19 0.035091 0.023742
20 0.024187 0.015535
21 0.017154 0.009711
22 0.009628 0.005814
23 0.005786 0.003341
24 0.003669 0.001845
25 0.001987 0.000982
26 0.001001 0.000504
27 0.000595 0.000251
28 0.000290 0.000121
29 0.000174 0.000057
30 0.000029 0.000026
31 0.000015 0.000011
