# 20
1.000000 0.000000 0.000000
2.000000 0.000000 0.000000
3.000000 0.000000 0.000000
4.000000 0.000000 0.000000
5.000000 0.000000 0.000000
6.000000 0.000000 0.000000
7.000000 0.000000 0.000000
8.000000 0.000002 0.000002
9.000000 0.000005 0.000005
10.000000 0.000015 0.000015
11.000000 0.000042 0.000042
12.000000 0.000104 0.000104
13.000000 0.000240 0.000240
14.000000 0.000513 0.000513
15.000000 0.001027 0.001027
16.000000 0.001925 0.001925
17.000000 0.003397 0.003397
18.000000 0.005662 0.005662
19.000000 0.008941 0.008941
20.000000 0.013411 0.013411
