1 0.000000
2 0.000000
3 0.000000
4 0.000000
5 0.038400
6 0.076800
7 0.099840
8 0.107520
9 0.104509
10 0.095478
11 0.083816
12 0.071639
13 0.060113
14 0.049792
15 0.040862
16 0.033310
17 0.027022
18 0.021842
19 0.017609
20 0.014168
21 0.011383
22 0.009136
23 0.007326
24 0.005871
25 0.004703
26 0.003767
27 0.003015
28 0.002414
29 0.001932
30 0.001546
31 0.001237
32 0.000990
33 0.000792
34 0.000634
35 0.000507
36 0.000406
37 0.000324
38 0.000260
39 0.000208
40 0.000166
41 0.000133
42 0.000106
43 0.000085
44 0.000068
45 0.000054
46 0.000044
47 0.000035
48 0.000028
49 0.000022
50 0.000018
51 0.000014
52 0.000011
53 0.000009
54 0.000007
55 0.000006
56 0.000005
57 0.000004
58 0.000003
59 0.000002
60 0.000002
61 0.000002
62 0.000001
63 0.000001
64 0.000001
65 0.000001
66 0.000001
67 0.000000
68 0.000000
69 0.000000
70 0.000000
71 0.000000
