# 100 58 71
1 0.000000
2 0.000000
3 0.000000
4 0.000000
5 0.038558
6 0.076448
7 0.101869
8 0.107778
9 0.103805
10 0.095745
11 0.084150
12 0.071939
13 0.058745
14 0.048919
15 0.040831
16 0.033801
17 0.027203
18 0.022085
19 0.017004
20 0.013848
21 0.011727
22 0.009109
23 0.007089
24 0.005620
25 0.004827
26 0.003880
27 0.003200
28 0.002380
29 0.001908
30 0.001550
31 0.001120
32 0.000897
33 0.000768
34 0.000587
35 0.000663
36 0.000482
37 0.000275
38 0.000206
39 0.000202
40 0.000162
41 0.000156
42 0.000070
43 0.000071
44 0.000057
45 0.000067
46 0.000048
47 0.000067
48 0.000014
49 0.000007
50 0.000013
51 0.000006
52 0.000013
53 0.000007
54 0.000003
55 0.000003
56 0.000006
57 0.000002
58 0.000001
59 0.000004
60 0.000001
61 0.000000
62 0.000003
63 0.000000
64 0.000000
65 0.000000
66 0.000000
67 0.000000
68 0.000000
69 0.000000
70 0.000000
71 0.000001
