# 100 20 43
1 0.000000
2 0.000000
3 0.000000
4 0.000000
5 0.040000
6 0.080000
7 0.130000
8 0.080000
9 0.080000
10 0.120000
11 0.080000
12 0.070000
13 0.080000
14 0.030000
15 0.040000
16 0.020000
17 0.050000
18 0.010000
19 0.020000
20 0.030000
21 0.010000
22 0.000000
23 0.010000
24 0.010000
25 0.000000
26 0.000000
27 0.000000
28 0.000000
29 0.000000
30 0.000000
31 0.000000
32 0.000000
33 0.000000
34 0.000000
35 0.000000
36 0.000000
37 0.000000
38 0.000000
39 0.000000
40 0.000000
41 0.000000
42 0.000000
43 0.010000
